mode: set
github.com/hack-fiap233/users/main.go:18.13,20.16 2 0
github.com/hack-fiap233/users/main.go:20.16,22.3 1 0
github.com/hack-fiap233/users/main.go:24.2,25.21 2 0
github.com/hack-fiap233/users/main.go:25.21,27.3 1 0
github.com/hack-fiap233/users/main.go:29.2,43.47 12 0
github.com/hack-fiap233/users/main.go:46.23,57.16 3 0
github.com/hack-fiap233/users/main.go:57.16,59.3 1 0
github.com/hack-fiap233/users/main.go:61.2,61.33 1 0
github.com/hack-fiap233/users/main.go:61.33,63.3 1 0
github.com/hack-fiap233/users/main.go:65.2,66.11 2 0
github.com/hack-fiap233/users/main.go:69.28,83.31 2 1
github.com/hack-fiap233/users/main.go:83.31,84.39 1 1
github.com/hack-fiap233/users/main.go:84.39,86.4 1 0
github.com/hack-fiap233/users/internal/middleware/metrics.go:30.51,33.2 2 1
github.com/hack-fiap233/users/internal/middleware/metrics.go:35.67,36.54 1 1
github.com/hack-fiap233/users/internal/middleware/metrics.go:36.54,44.3 5 1
github.com/hack-fiap233/users/internal/repository/postgres.go:32.99,34.2 1 1
github.com/hack-fiap233/users/internal/repository/postgres.go:36.102,38.2 1 1
github.com/hack-fiap233/users/internal/repository/postgres.go:40.63,42.2 1 1
github.com/hack-fiap233/users/internal/repository/postgres.go:52.35,54.2 1 1
github.com/hack-fiap233/users/internal/repository/postgres.go:56.75,59.2 2 1
github.com/hack-fiap233/users/internal/repository/postgres.go:61.64,63.2 1 1
github.com/hack-fiap233/users/internal/repository/postgres.go:65.115,71.16 3 1
github.com/hack-fiap233/users/internal/repository/postgres.go:71.16,72.64 1 1
github.com/hack-fiap233/users/internal/repository/postgres.go:72.64,74.4 1 1
github.com/hack-fiap233/users/internal/repository/postgres.go:75.3,75.18 1 1
github.com/hack-fiap233/users/internal/repository/postgres.go:77.2,77.16 1 1
github.com/hack-fiap233/users/internal/repository/postgres.go:80.108,87.16 4 1
github.com/hack-fiap233/users/internal/repository/postgres.go:87.16,89.3 1 1
github.com/hack-fiap233/users/internal/repository/postgres.go:90.2,90.22 1 1
github.com/hack-fiap233/users/internal/repository/postgres.go:93.81,95.16 2 1
github.com/hack-fiap233/users/internal/repository/postgres.go:95.16,97.3 1 1
github.com/hack-fiap233/users/internal/repository/postgres.go:98.2,101.18 3 1
github.com/hack-fiap233/users/internal/repository/postgres.go:101.18,103.61 2 1
github.com/hack-fiap233/users/internal/repository/postgres.go:103.61,105.4 1 1
github.com/hack-fiap233/users/internal/repository/postgres.go:106.3,106.28 1 1
github.com/hack-fiap233/users/internal/repository/postgres.go:108.2,108.26 1 1
github.com/hack-fiap233/users/internal/repository/postgres.go:111.62,113.2 1 1
github.com/hack-fiap233/users/internal/handler/user.go:19.32,21.2 1 1
github.com/hack-fiap233/users/internal/handler/user.go:23.87,26.2 2 1
github.com/hack-fiap233/users/internal/handler/user.go:28.51,30.2 1 1
github.com/hack-fiap233/users/internal/handler/user.go:32.70,33.50 1 1
github.com/hack-fiap233/users/internal/handler/user.go:33.50,39.3 2 1
github.com/hack-fiap233/users/internal/handler/user.go:40.2,40.101 1 1
github.com/hack-fiap233/users/internal/handler/user.go:43.72,44.33 1 1
github.com/hack-fiap233/users/internal/handler/user.go:44.33,47.3 2 1
github.com/hack-fiap233/users/internal/handler/user.go:49.2,54.62 2 1
github.com/hack-fiap233/users/internal/handler/user.go:54.62,57.3 2 1
github.com/hack-fiap233/users/internal/handler/user.go:58.2,58.64 1 1
github.com/hack-fiap233/users/internal/handler/user.go:58.64,61.3 2 1
github.com/hack-fiap233/users/internal/handler/user.go:63.2,64.16 2 1
github.com/hack-fiap233/users/internal/handler/user.go:64.16,65.44 1 1
github.com/hack-fiap233/users/internal/handler/user.go:65.44,68.4 2 1
github.com/hack-fiap233/users/internal/handler/user.go:69.3,70.9 2 1
github.com/hack-fiap233/users/internal/handler/user.go:73.2,73.37 1 1
github.com/hack-fiap233/users/internal/handler/user.go:76.69,77.33 1 1
github.com/hack-fiap233/users/internal/handler/user.go:77.33,80.3 2 1
github.com/hack-fiap233/users/internal/handler/user.go:82.2,86.62 2 1
github.com/hack-fiap233/users/internal/handler/user.go:86.62,89.3 2 1
github.com/hack-fiap233/users/internal/handler/user.go:90.2,90.45 1 1
github.com/hack-fiap233/users/internal/handler/user.go:90.45,93.3 2 1
github.com/hack-fiap233/users/internal/handler/user.go:95.2,96.16 2 1
github.com/hack-fiap233/users/internal/handler/user.go:96.16,97.52 1 1
github.com/hack-fiap233/users/internal/handler/user.go:97.52,100.4 2 1
github.com/hack-fiap233/users/internal/handler/user.go:101.3,102.9 2 1
github.com/hack-fiap233/users/internal/handler/user.go:105.2,105.32 1 1
github.com/hack-fiap233/users/internal/handler/user.go:108.68,109.32 1 1
github.com/hack-fiap233/users/internal/handler/user.go:109.32,112.3 2 1
github.com/hack-fiap233/users/internal/handler/user.go:114.2,115.16 2 1
github.com/hack-fiap233/users/internal/handler/user.go:115.16,118.3 2 1
github.com/hack-fiap233/users/internal/handler/user.go:120.2,120.34 1 1
github.com/hack-fiap233/users/internal/handler/user.go:123.59,127.2 3 1
github.com/hack-fiap233/users/internal/handler/user.go:129.66,131.2 1 1
github.com/hack-fiap233/users/internal/service/user.go:56.32,58.2 1 1
github.com/hack-fiap233/users/internal/service/user.go:60.86,63.2 2 1
github.com/hack-fiap233/users/internal/service/user.go:65.79,68.2 2 1
github.com/hack-fiap233/users/internal/service/user.go:70.50,72.2 1 1
github.com/hack-fiap233/users/internal/service/user.go:74.104,76.16 2 1
github.com/hack-fiap233/users/internal/service/user.go:76.16,78.3 1 1
github.com/hack-fiap233/users/internal/service/user.go:80.2,81.16 2 1
github.com/hack-fiap233/users/internal/service/user.go:81.16,82.40 1 1
github.com/hack-fiap233/users/internal/service/user.go:82.40,84.4 1 1
github.com/hack-fiap233/users/internal/service/user.go:85.3,85.51 1 1
github.com/hack-fiap233/users/internal/service/user.go:88.2,89.16 2 1
github.com/hack-fiap233/users/internal/service/user.go:89.16,91.3 1 0
github.com/hack-fiap233/users/internal/service/user.go:93.2,93.52 1 1
github.com/hack-fiap233/users/internal/service/user.go:96.95,98.16 2 1
github.com/hack-fiap233/users/internal/service/user.go:98.16,99.36 1 1
github.com/hack-fiap233/users/internal/service/user.go:99.36,101.4 1 1
github.com/hack-fiap233/users/internal/service/user.go:102.3,102.50 1 1
github.com/hack-fiap233/users/internal/service/user.go:105.2,105.86 1 1
github.com/hack-fiap233/users/internal/service/user.go:105.86,107.3 1 1
github.com/hack-fiap233/users/internal/service/user.go:109.2,110.16 2 1
github.com/hack-fiap233/users/internal/service/user.go:110.16,112.3 1 0
github.com/hack-fiap233/users/internal/service/user.go:114.2,114.52 1 1
github.com/hack-fiap233/users/internal/service/user.go:117.71,119.2 1 1
github.com/hack-fiap233/users/internal/service/user.go:121.57,123.2 1 1
github.com/hack-fiap233/users/internal/service/user.go:125.65,132.2 2 1
